<?xml version="1.0" encoding="UTF-8" ?>
<testsuites>
  <testsuite errors="0" failures="0" hostname="bill-ThinkPad-W530" id="0" name="Active" package="com.ontraport.app.suites" tests="1" time="20.303" timestamp="2013-08-27T19:16:48">
      <properties>
[...]
</properties>

      <testcase classname="com.ontraport.app.tests.Simple" name="sanity" time="8.491" />

      <system-out><![CDATA[selenium@ontraport.com
]]></system-out>

      <system-err><![CDATA[]]></system-err>

  </testsuite>
</testsuites>
